benchmark/build/intermediates/manifest_merge_blame_file/debug/processDebugManifest/manifest-merger-blame-debug-report.txt
1<?xml version="1.0" encoding="utf-8"?>
2<manifest xmlns:android="http://schemas.android.com/apk/res/android"
3    package="io.github.glossybigbro.inkline.benchmark" >
4
5    <uses-sdk
5-->manifest/debug/tempFile1ProcessTestManifest2961020591169064017.xml:5:5-74
6        android:minSdkVersion="29"
6-->manifest/debug/tempFile1ProcessTestManifest2961020591169064017.xml:5:15-41
7        android:targetSdkVersion="36" />
7-->manifest/debug/tempFile1ProcessTestManifest2961020591169064017.xml:5:42-71
8
9    <instrumentation
9-->manifest/debug/tempFile1ProcessTestManifest2961020591169064017.xml:7:5-11:87
10        android:name="androidx.test.runner.AndroidJUnitRunner"
10-->manifest/debug/tempFile1ProcessTestManifest2961020591169064017.xml:7:22-76
11        android:functionalTest="false"
11-->manifest/debug/tempFile1ProcessTestManifest2961020591169064017.xml:10:22-52
12        android:handleProfiling="false"
12-->manifest/debug/tempFile1ProcessTestManifest2961020591169064017.xml:9:22-53
13        android:label="Tests for io.github.glossybigbro.inkline.sample"
13-->manifest/debug/tempFile1ProcessTestManifest2961020591169064017.xml:11:22-85
14        android:targetPackage="io.github.glossybigbro.inkline.sample" />
14-->manifest/debug/tempFile1ProcessTestManifest2961020591169064017.xml:8:22-83
15
16    <uses-permission android:name="android.permission.QUERY_ALL_PACKAGES" />
16-->[androidx.benchmark:benchmark-macro:1.3.3] AndroidManifest.xml:23:5-25:53
16-->[androidx.benchmark:benchmark-macro:1.3.3] AndroidManifest.xml:24:9-61
17    <!--
18         Internet permission is required for perfetto trace shell processor http server but
19        it's used to reach localhost only
20    -->
21    <uses-permission android:name="android.permission.INTERNET" />
21-->[androidx.benchmark:benchmark-macro:1.3.3] AndroidManifest.xml:31:5-67
21-->[androidx.benchmark:benchmark-macro:1.3.3] AndroidManifest.xml:31:22-64
22    <!--
23    This is needed to write benchmark report data to an external directory during instrumented
24    tests to allow the accompanying androidx.benchmark gradle plugin to pull the reports onto host
25     machine after the tests are done running.
26    -->
27    <uses-permission android:name="android.permission.WRITE_EXTERNAL_STORAGE" />
27-->[androidx.benchmark:benchmark-common:1.3.3] AndroidManifest.xml:27:5-81
27-->[androidx.benchmark:benchmark-common:1.3.3] AndroidManifest.xml:27:22-78
28    <uses-permission android:name="android.permission.READ_EXTERNAL_STORAGE" />
29    <uses-permission android:name="android.permission.REORDER_TASKS" />
29-->[androidx.test:core:1.6.1] AndroidManifest.xml:24:5-72
29-->[androidx.test:core:1.6.1] AndroidManifest.xml:24:22-69
30
31    <queries>
31-->[androidx.test:runner:1.5.2] AndroidManifest.xml:24:5-28:15
32        <package android:name="androidx.test.orchestrator" />
32-->[androidx.test:runner:1.5.2] AndroidManifest.xml:25:9-62
32-->[androidx.test:runner:1.5.2] AndroidManifest.xml:25:18-59
33        <package android:name="androidx.test.services" />
33-->[androidx.test:runner:1.5.2] AndroidManifest.xml:26:9-58
33-->[androidx.test:runner:1.5.2] AndroidManifest.xml:26:18-55
34        <package android:name="com.google.android.apps.common.testing.services" />
34-->[androidx.test:runner:1.5.2] AndroidManifest.xml:27:9-83
34-->[androidx.test:runner:1.5.2] AndroidManifest.xml:27:18-80
35    </queries>
36
37    <application
37-->INJECTED
38        android:debuggable="true"
39        android:extractNativeLibs="false"
39-->INJECTED
40        android:networkSecurityConfig="@xml/network_security_config" > <!-- Activity used to block background content while benchmarks are running -->
40-->[androidx.benchmark:benchmark-macro:1.3.3] AndroidManifest.xml:42:18-78
41        <activity
41-->[androidx.benchmark:benchmark-common:1.3.3] AndroidManifest.xml:32:9-36:20
42            android:name="androidx.benchmark.IsolationActivity"
42-->[androidx.benchmark:benchmark-common:1.3.3] AndroidManifest.xml:33:13-64
43            android:exported="true"
43-->[androidx.benchmark:benchmark-common:1.3.3] AndroidManifest.xml:34:13-36
44            android:theme="@android:style/Theme.Light.NoTitleBar.Fullscreen" >
44-->[androidx.benchmark:benchmark-common:1.3.3] AndroidManifest.xml:35:13-77
45        </activity>
46        <activity
46-->[androidx.test:core:1.6.1] AndroidManifest.xml:27:9-34:20
47            android:name="androidx.test.core.app.InstrumentationActivityInvoker$BootstrapActivity"
47-->[androidx.test:core:1.6.1] AndroidManifest.xml:28:13-99
48            android:exported="true"
48-->[androidx.test:core:1.6.1] AndroidManifest.xml:29:13-36
49            android:theme="@style/WhiteBackgroundTheme" >
49-->[androidx.test:core:1.6.1] AndroidManifest.xml:30:13-56
50            <intent-filter android:priority="-100" >
50-->[androidx.test:core:1.6.1] AndroidManifest.xml:31:13-33:29
50-->[androidx.test:core:1.6.1] AndroidManifest.xml:31:28-51
51                <category android:name="android.intent.category.LAUNCHER" />
51-->[androidx.test:core:1.6.1] AndroidManifest.xml:32:17-77
51-->[androidx.test:core:1.6.1] AndroidManifest.xml:32:27-74
52            </intent-filter>
53        </activity>
54        <activity
54-->[androidx.test:core:1.6.1] AndroidManifest.xml:35:9-42:20
55            android:name="androidx.test.core.app.InstrumentationActivityInvoker$EmptyActivity"
55-->[androidx.test:core:1.6.1] AndroidManifest.xml:36:13-95
56            android:exported="true"
56-->[androidx.test:core:1.6.1] AndroidManifest.xml:37:13-36
57            android:theme="@style/WhiteBackgroundTheme" >
57-->[androidx.test:core:1.6.1] AndroidManifest.xml:38:13-56
58            <intent-filter android:priority="-100" >
58-->[androidx.test:core:1.6.1] AndroidManifest.xml:31:13-33:29
58-->[androidx.test:core:1.6.1] AndroidManifest.xml:31:28-51
59                <category android:name="android.intent.category.LAUNCHER" />
59-->[androidx.test:core:1.6.1] AndroidManifest.xml:32:17-77
59-->[androidx.test:core:1.6.1] AndroidManifest.xml:32:27-74
60            </intent-filter>
61        </activity>
62        <activity
62-->[androidx.test:core:1.6.1] AndroidManifest.xml:43:9-50:20
63            android:name="androidx.test.core.app.InstrumentationActivityInvoker$EmptyFloatingActivity"
63-->[androidx.test:core:1.6.1] AndroidManifest.xml:44:13-103
64            android:exported="true"
64-->[androidx.test:core:1.6.1] AndroidManifest.xml:45:13-36
65            android:theme="@style/WhiteBackgroundDialogTheme" >
65-->[androidx.test:core:1.6.1] AndroidManifest.xml:46:13-62
66            <intent-filter android:priority="-100" >
66-->[androidx.test:core:1.6.1] AndroidManifest.xml:31:13-33:29
66-->[androidx.test:core:1.6.1] AndroidManifest.xml:31:28-51
67                <category android:name="android.intent.category.LAUNCHER" />
67-->[androidx.test:core:1.6.1] AndroidManifest.xml:32:17-77
67-->[androidx.test:core:1.6.1] AndroidManifest.xml:32:27-74
68            </intent-filter>
69        </activity>
70
71        <receiver
71-->[androidx.tracing:tracing-perfetto:1.0.0] AndroidManifest.xml:24:9-37:20
72            android:name="androidx.tracing.perfetto.TracingReceiver"
72-->[androidx.tracing:tracing-perfetto:1.0.0] AndroidManifest.xml:25:13-69
73            android:directBootAware="false"
73-->[androidx.tracing:tracing-perfetto:1.0.0] AndroidManifest.xml:26:13-44
74            android:enabled="true"
74-->[androidx.tracing:tracing-perfetto:1.0.0] AndroidManifest.xml:27:13-35
75            android:exported="true"
75-->[androidx.tracing:tracing-perfetto:1.0.0] AndroidManifest.xml:28:13-36
76            android:permission="android.permission.DUMP" >
76-->[androidx.tracing:tracing-perfetto:1.0.0] AndroidManifest.xml:29:13-57
77
78            <!-- Note: DUMP above highly limits who can call the receiver; Shell has DUMP perm. -->
79            <intent-filter>
79-->[androidx.tracing:tracing-perfetto:1.0.0] AndroidManifest.xml:32:13-36:29
80                <action android:name="androidx.tracing.perfetto.action.ENABLE_TRACING" />
80-->[androidx.tracing:tracing-perfetto:1.0.0] AndroidManifest.xml:33:17-90
80-->[androidx.tracing:tracing-perfetto:1.0.0] AndroidManifest.xml:33:25-87
81                <action android:name="androidx.tracing.perfetto.action.ENABLE_TRACING_COLD_START" />
81-->[androidx.tracing:tracing-perfetto:1.0.0] AndroidManifest.xml:34:17-101
81-->[androidx.tracing:tracing-perfetto:1.0.0] AndroidManifest.xml:34:25-98
82                <action android:name="androidx.tracing.perfetto.action.DISABLE_TRACING_COLD_START" />
82-->[androidx.tracing:tracing-perfetto:1.0.0] AndroidManifest.xml:35:17-102
82-->[androidx.tracing:tracing-perfetto:1.0.0] AndroidManifest.xml:35:25-99
83            </intent-filter>
84        </receiver>
85
86        <provider
86-->[androidx.tracing:tracing-perfetto:1.0.0] AndroidManifest.xml:39:9-47:20
87            android:name="androidx.startup.InitializationProvider"
87-->[androidx.tracing:tracing-perfetto:1.0.0] AndroidManifest.xml:40:13-67
88            android:authorities="io.github.glossybigbro.inkline.benchmark.androidx-startup"
88-->[androidx.tracing:tracing-perfetto:1.0.0] AndroidManifest.xml:41:13-68
89            android:exported="false" >
89-->[androidx.tracing:tracing-perfetto:1.0.0] AndroidManifest.xml:42:13-37
90            <meta-data
90-->[androidx.tracing:tracing-perfetto:1.0.0] AndroidManifest.xml:44:13-46:52
91                android:name="androidx.tracing.perfetto.StartupTracingInitializer"
91-->[androidx.tracing:tracing-perfetto:1.0.0] AndroidManifest.xml:45:17-83
92                android:value="androidx.startup" />
92-->[androidx.tracing:tracing-perfetto:1.0.0] AndroidManifest.xml:46:17-49
93        </provider>
94
95        <receiver
95-->[androidx.tracing:tracing-perfetto:1.0.0] AndroidManifest.xml:49:9-55:20
96            android:name="androidx.tracing.perfetto.StartupTracingConfigStoreIsEnabledGate"
96-->[androidx.tracing:tracing-perfetto:1.0.0] AndroidManifest.xml:50:13-92
97            android:directBootAware="false"
97-->[androidx.tracing:tracing-perfetto:1.0.0] AndroidManifest.xml:51:13-44
98            android:enabled="false"
98-->[androidx.tracing:tracing-perfetto:1.0.0] AndroidManifest.xml:52:13-36
99            android:exported="false" >
99-->[androidx.tracing:tracing-perfetto:1.0.0] AndroidManifest.xml:53:13-37
100        </receiver>
101    </application>
102
103</manifest>